{
  error: backend/controllers/auth/registerController.ts(68,34): error TS2304: Cannot find name 'newUser'.
  backend/controllers/auth/registerController.ts(71,9): error TS2304: Cannot find name 'res'.
  backend/controllers/auth/registerController.ts(76,35): error TS2304: Cannot find name 'randomBytes'.
  backend/controllers/auth/registerController.ts(97,9): error TS2304: Cannot find name 'res'.
  backend/controllers/auth/registerController.ts(65,16): error TS1005: ',' expected.
  backend/controllers/auth/registerController.ts(66,5): error TS1135: Argument expression expected.
  backend/controllers/auth/registerController.ts(102,1): error TS1128: Declaration or statement expected.
  backend/controllers/auth/registerController.ts(102,2): error TS1128: Declaration or statement expected.
  ,
  level: 'error',
  message: 'uncaughtException: ⨯ Unable to compile TypeScript:\n' +
    "backend/controllers/auth/registerController.ts(68,34): error TS2304: Cannot find name 'newUser'.\r\n" +
    "backend/controllers/auth/registerController.ts(71,9): error TS2304: Cannot find name 'res'.\r\n" +
    "backend/controllers/auth/registerController.ts(76,35): error TS2304: Cannot find name 'randomBytes'.\r\n" +
    "backend/controllers/auth/registerController.ts(97,9): error TS2304: Cannot find name 'res'.\r\n" +
    "backend/controllers/auth/registerController.ts(65,16): error TS1005: ',' expected.\r\n" +
    'backend/controllers/auth/registerController.ts(66,5): error TS1135: Argument expression expected.\r\n' +
    'backend/controllers/auth/registerController.ts(102,1): error TS1128: Declaration or statement expected.\r\n' +
    'backend/controllers/auth/registerController.ts(102,2): error TS1128: Declaration or statement expected.\r\n' +
    '\n' +
    'TSError: ⨯ Unable to compile TypeScript:\n' +
    "backend/controllers/auth/registerController.ts(68,34): error TS2304: Cannot find name 'newUser'.\r\n" +
    "backend/controllers/auth/registerController.ts(71,9): error TS2304: Cannot find name 'res'.\r\n" +
    "backend/controllers/auth/registerController.ts(76,35): error TS2304: Cannot find name 'randomBytes'.\r\n" +
    "backend/controllers/auth/registerController.ts(97,9): error TS2304: Cannot find name 'res'.\r\n" +
    "backend/controllers/auth/registerController.ts(65,16): error TS1005: ',' expected.\r\n" +
    'backend/controllers/auth/registerController.ts(66,5): error TS1135: Argument expression expected.\r\n' +
    'backend/controllers/auth/registerController.ts(102,1): error TS1128: Declaration or statement expected.\r\n' +
    'backend/controllers/auth/registerController.ts(102,2): error TS1128: Declaration or statement expected.\r\n' +
    '\n' +
    '    at createTSError (D:\\Projects\\mern-project-typescript\\node_modules\\ts-node\\src\\index.ts:859:12)\n' +
    '    at reportTSError (D:\\Projects\\mern-project-typescript\\node_modules\\ts-node\\src\\index.ts:863:19)\n' +
    '    at getOutput (D:\\Projects\\mern-project-typescript\\node_modules\\ts-node\\src\\index.ts:1077:36)\n' +
    '    at Object.compile (D:\\Projects\\mern-project-typescript\\node_modules\\ts-node\\src\\index.ts:1433:41)\n' +
    '    at Module.m._compile (D:\\Projects\\mern-project-typescript\\node_modules\\ts-node\\src\\index.ts:1617:30)\n' +
    '    at Module._extensions..js (node:internal/modules/cjs/loader:1427:10)\n' +
    '    at Object.require.extensions.<computed> [as .ts] (D:\\Projects\\mern-project-typescript\\node_modules\\ts-node\\src\\index.ts:1621:12)\n' +
    '    at Module.load (node:internal/modules/cjs/loader:1206:32)\n' +
    '    at Function.Module._load (node:internal/modules/cjs/loader:1022:12)\n' +
    '    at Module.require (node:internal/modules/cjs/loader:1231:19)',
  stack: 'TSError: ⨯ Unable to compile TypeScript:\n' +
    "backend/controllers/auth/registerController.ts(68,34): error TS2304: Cannot find name 'newUser'.\r\n" +
    "backend/controllers/auth/registerController.ts(71,9): error TS2304: Cannot find name 'res'.\r\n" +
    "backend/controllers/auth/registerController.ts(76,35): error TS2304: Cannot find name 'randomBytes'.\r\n" +
    "backend/controllers/auth/registerController.ts(97,9): error TS2304: Cannot find name 'res'.\r\n" +
    "backend/controllers/auth/registerController.ts(65,16): error TS1005: ',' expected.\r\n" +
    'backend/controllers/auth/registerController.ts(66,5): error TS1135: Argument expression expected.\r\n' +
    'backend/controllers/auth/registerController.ts(102,1): error TS1128: Declaration or statement expected.\r\n' +
    'backend/controllers/auth/registerController.ts(102,2): error TS1128: Declaration or statement expected.\r\n' +
    '\n' +
    '    at createTSError (D:\\Projects\\mern-project-typescript\\node_modules\\ts-node\\src\\index.ts:859:12)\n' +
    '    at reportTSError (D:\\Projects\\mern-project-typescript\\node_modules\\ts-node\\src\\index.ts:863:19)\n' +
    '    at getOutput (D:\\Projects\\mern-project-typescript\\node_modules\\ts-node\\src\\index.ts:1077:36)\n' +
    '    at Object.compile (D:\\Projects\\mern-project-typescript\\node_modules\\ts-node\\src\\index.ts:1433:41)\n' +
    '    at Module.m._compile (D:\\Projects\\mern-project-typescript\\node_modules\\ts-node\\src\\index.ts:1617:30)\n' +
    '    at Module._extensions..js (node:internal/modules/cjs/loader:1427:10)\n' +
    '    at Object.require.extensions.<computed> [as .ts] (D:\\Projects\\mern-project-typescript\\node_modules\\ts-node\\src\\index.ts:1621:12)\n' +
    '    at Module.load (node:internal/modules/cjs/loader:1206:32)\n' +
    '    at Function.Module._load (node:internal/modules/cjs/loader:1022:12)\n' +
    '    at Module.require (node:internal/modules/cjs/loader:1231:19)',
  exception: true,
  date: 'Thu Nov 14 2024 15:26:40 GMT+0200 (Восточная Европа, стандартное время)',
  process: {
    pid: 23420,
    uid: null,
    gid: null,
    cwd: 'D:\\Projects\\mern-project-typescript',
    execPath: 'C:\\Program Files\\nodejs\\node.exe',
    version: 'v20.12.2',
    argv: [
      'D:\\Projects\\mern-project-typescript\\node_modules\\ts-node\\dist\\bin.js',
      'D:\\Projects\\mern-project-typescript\\backend\\server.ts'
    ],
    memoryUsage: {
      rss: 388886528,
      heapTotal: 334884864,
      heapUsed: 303817416,
      external: 24824405,
      arrayBuffers: 21833347
    }
  },
  os: { loadavg: [ 0, 0, 0 ], uptime: 92252.203 },
  trace: [
    {
      column: 12,
      file: 'D:\\Projects\\mern-project-typescript\\node_modules\\ts-node\\src\\index.ts',
      function: 'createTSError',
      line: 859,
      method: null,
      native: false
    },
    {
      column: 19,
      file: 'D:\\Projects\\mern-project-typescript\\node_modules\\ts-node\\src\\index.ts',
      function: 'reportTSError',
      line: 863,
      method: null,
      native: false
    },
    {
      column: 36,
      file: 'D:\\Projects\\mern-project-typescript\\node_modules\\ts-node\\src\\index.ts',
      function: 'getOutput',
      line: 1077,
      method: null,
      native: false
    },
    {
      column: 41,
      file: 'D:\\Projects\\mern-project-typescript\\node_modules\\ts-node\\src\\index.ts',
      function: 'Object.compile',
      line: 1433,
      method: 'compile',
      native: false
    },
    {
      column: 30,
      file: 'D:\\Projects\\mern-project-typescript\\node_modules\\ts-node\\src\\index.ts',
      function: 'Module.m._compile',
      line: 1617,
      method: '_compile',
      native: false
    },
    {
      column: 10,
      file: 'node:internal/modules/cjs/loader',
      function: 'Module._extensions..js',
      line: 1427,
      method: '.js',
      native: false
    },
    {
      column: 12,
      file: 'D:\\Projects\\mern-project-typescript\\node_modules\\ts-node\\src\\index.ts',
      function: 'Object.require.extensions.<computed> [as .ts]',
      line: 1621,
      method: 'ts]',
      native: false
    },
    {
      column: 32,
      file: 'node:internal/modules/cjs/loader',
      function: 'Module.load',
      line: 1206,
      method: 'load',
      native: false
    },
    {
      column: 12,
      file: 'node:internal/modules/cjs/loader',
      function: 'Module._load',
      line: 1022,
      method: '_load',
      native: false
    },
    {
      column: 19,
      file: 'node:internal/modules/cjs/loader',
      function: 'Module.require',
      line: 1231,
      method: 'require',
      native: false
    }
  ],
  timestamp: '2024-11-14 03:26:40.462 PM'
}
{
  error: backend/controllers/auth/registerController.ts(68,34): error TS2304: Cannot find name 'newUser'.
  backend/controllers/auth/registerController.ts(71,9): error TS2304: Cannot find name 'res'.
  backend/controllers/auth/registerController.ts(76,35): error TS2304: Cannot find name 'randomBytes'.
  backend/controllers/auth/registerController.ts(97,9): error TS2304: Cannot find name 'res'.
  backend/controllers/auth/registerController.ts(65,16): error TS1005: ',' expected.
  backend/controllers/auth/registerController.ts(66,5): error TS1135: Argument expression expected.
  backend/controllers/auth/registerController.ts(102,1): error TS1128: Declaration or statement expected.
  backend/controllers/auth/registerController.ts(102,2): error TS1128: Declaration or statement expected.
  ,
  level: 'error',
  message: 'uncaughtException: ⨯ Unable to compile TypeScript:\n' +
    "backend/controllers/auth/registerController.ts(68,34): error TS2304: Cannot find name 'newUser'.\r\n" +
    "backend/controllers/auth/registerController.ts(71,9): error TS2304: Cannot find name 'res'.\r\n" +
    "backend/controllers/auth/registerController.ts(76,35): error TS2304: Cannot find name 'randomBytes'.\r\n" +
    "backend/controllers/auth/registerController.ts(97,9): error TS2304: Cannot find name 'res'.\r\n" +
    "backend/controllers/auth/registerController.ts(65,16): error TS1005: ',' expected.\r\n" +
    'backend/controllers/auth/registerController.ts(66,5): error TS1135: Argument expression expected.\r\n' +
    'backend/controllers/auth/registerController.ts(102,1): error TS1128: Declaration or statement expected.\r\n' +
    'backend/controllers/auth/registerController.ts(102,2): error TS1128: Declaration or statement expected.\r\n' +
    '\n' +
    'TSError: ⨯ Unable to compile TypeScript:\n' +
    "backend/controllers/auth/registerController.ts(68,34): error TS2304: Cannot find name 'newUser'.\r\n" +
    "backend/controllers/auth/registerController.ts(71,9): error TS2304: Cannot find name 'res'.\r\n" +
    "backend/controllers/auth/registerController.ts(76,35): error TS2304: Cannot find name 'randomBytes'.\r\n" +
    "backend/controllers/auth/registerController.ts(97,9): error TS2304: Cannot find name 'res'.\r\n" +
    "backend/controllers/auth/registerController.ts(65,16): error TS1005: ',' expected.\r\n" +
    'backend/controllers/auth/registerController.ts(66,5): error TS1135: Argument expression expected.\r\n' +
    'backend/controllers/auth/registerController.ts(102,1): error TS1128: Declaration or statement expected.\r\n' +
    'backend/controllers/auth/registerController.ts(102,2): error TS1128: Declaration or statement expected.\r\n' +
    '\n' +
    '    at createTSError (D:\\Projects\\mern-project-typescript\\node_modules\\ts-node\\src\\index.ts:859:12)\n' +
    '    at reportTSError (D:\\Projects\\mern-project-typescript\\node_modules\\ts-node\\src\\index.ts:863:19)\n' +
    '    at getOutput (D:\\Projects\\mern-project-typescript\\node_modules\\ts-node\\src\\index.ts:1077:36)\n' +
    '    at Object.compile (D:\\Projects\\mern-project-typescript\\node_modules\\ts-node\\src\\index.ts:1433:41)\n' +
    '    at Module.m._compile (D:\\Projects\\mern-project-typescript\\node_modules\\ts-node\\src\\index.ts:1617:30)\n' +
    '    at Module._extensions..js (node:internal/modules/cjs/loader:1427:10)\n' +
    '    at Object.require.extensions.<computed> [as .ts] (D:\\Projects\\mern-project-typescript\\node_modules\\ts-node\\src\\index.ts:1621:12)\n' +
    '    at Module.load (node:internal/modules/cjs/loader:1206:32)\n' +
    '    at Function.Module._load (node:internal/modules/cjs/loader:1022:12)\n' +
    '    at Module.require (node:internal/modules/cjs/loader:1231:19)',
  stack: 'TSError: ⨯ Unable to compile TypeScript:\n' +
    "backend/controllers/auth/registerController.ts(68,34): error TS2304: Cannot find name 'newUser'.\r\n" +
    "backend/controllers/auth/registerController.ts(71,9): error TS2304: Cannot find name 'res'.\r\n" +
    "backend/controllers/auth/registerController.ts(76,35): error TS2304: Cannot find name 'randomBytes'.\r\n" +
    "backend/controllers/auth/registerController.ts(97,9): error TS2304: Cannot find name 'res'.\r\n" +
    "backend/controllers/auth/registerController.ts(65,16): error TS1005: ',' expected.\r\n" +
    'backend/controllers/auth/registerController.ts(66,5): error TS1135: Argument expression expected.\r\n' +
    'backend/controllers/auth/registerController.ts(102,1): error TS1128: Declaration or statement expected.\r\n' +
    'backend/controllers/auth/registerController.ts(102,2): error TS1128: Declaration or statement expected.\r\n' +
    '\n' +
    '    at createTSError (D:\\Projects\\mern-project-typescript\\node_modules\\ts-node\\src\\index.ts:859:12)\n' +
    '    at reportTSError (D:\\Projects\\mern-project-typescript\\node_modules\\ts-node\\src\\index.ts:863:19)\n' +
    '    at getOutput (D:\\Projects\\mern-project-typescript\\node_modules\\ts-node\\src\\index.ts:1077:36)\n' +
    '    at Object.compile (D:\\Projects\\mern-project-typescript\\node_modules\\ts-node\\src\\index.ts:1433:41)\n' +
    '    at Module.m._compile (D:\\Projects\\mern-project-typescript\\node_modules\\ts-node\\src\\index.ts:1617:30)\n' +
    '    at Module._extensions..js (node:internal/modules/cjs/loader:1427:10)\n' +
    '    at Object.require.extensions.<computed> [as .ts] (D:\\Projects\\mern-project-typescript\\node_modules\\ts-node\\src\\index.ts:1621:12)\n' +
    '    at Module.load (node:internal/modules/cjs/loader:1206:32)\n' +
    '    at Function.Module._load (node:internal/modules/cjs/loader:1022:12)\n' +
    '    at Module.require (node:internal/modules/cjs/loader:1231:19)',
  exception: true,
  date: 'Thu Nov 14 2024 15:28:29 GMT+0200 (Восточная Европа, стандартное время)',
  process: {
    pid: 6580,
    uid: null,
    gid: null,
    cwd: 'D:\\Projects\\mern-project-typescript',
    execPath: 'C:\\Program Files\\nodejs\\node.exe',
    version: 'v20.12.2',
    argv: [
      'D:\\Projects\\mern-project-typescript\\node_modules\\ts-node\\dist\\bin.js',
      'D:\\Projects\\mern-project-typescript\\backend\\server.ts'
    ],
    memoryUsage: {
      rss: 379097088,
      heapTotal: 333312000,
      heapUsed: 299721520,
      external: 24824437,
      arrayBuffers: 21833379
    }
  },
  os: { loadavg: [ 0, 0, 0 ], uptime: 92361.031 },
  trace: [
    {
      column: 12,
      file: 'D:\\Projects\\mern-project-typescript\\node_modules\\ts-node\\src\\index.ts',
      function: 'createTSError',
      line: 859,
      method: null,
      native: false
    },
    {
      column: 19,
      file: 'D:\\Projects\\mern-project-typescript\\node_modules\\ts-node\\src\\index.ts',
      function: 'reportTSError',
      line: 863,
      method: null,
      native: false
    },
    {
      column: 36,
      file: 'D:\\Projects\\mern-project-typescript\\node_modules\\ts-node\\src\\index.ts',
      function: 'getOutput',
      line: 1077,
      method: null,
      native: false
    },
    {
      column: 41,
      file: 'D:\\Projects\\mern-project-typescript\\node_modules\\ts-node\\src\\index.ts',
      function: 'Object.compile',
      line: 1433,
      method: 'compile',
      native: false
    },
    {
      column: 30,
      file: 'D:\\Projects\\mern-project-typescript\\node_modules\\ts-node\\src\\index.ts',
      function: 'Module.m._compile',
      line: 1617,
      method: '_compile',
      native: false
    },
    {
      column: 10,
      file: 'node:internal/modules/cjs/loader',
      function: 'Module._extensions..js',
      line: 1427,
      method: '.js',
      native: false
    },
    {
      column: 12,
      file: 'D:\\Projects\\mern-project-typescript\\node_modules\\ts-node\\src\\index.ts',
      function: 'Object.require.extensions.<computed> [as .ts]',
      line: 1621,
      method: 'ts]',
      native: false
    },
    {
      column: 32,
      file: 'node:internal/modules/cjs/loader',
      function: 'Module.load',
      line: 1206,
      method: 'load',
      native: false
    },
    {
      column: 12,
      file: 'node:internal/modules/cjs/loader',
      function: 'Module._load',
      line: 1022,
      method: '_load',
      native: false
    },
    {
      column: 19,
      file: 'node:internal/modules/cjs/loader',
      function: 'Module.require',
      line: 1231,
      method: 'require',
      native: false
    }
  ],
  timestamp: '2024-11-14 03:28:29.284 PM'
}
